

Microchip MPLAB XC8 Assembler V2.10 build 88905656 
                                                                                               Fri Feb 21 13:22:44 2020

Microchip MPLAB XC8 C Compiler v2.10 (Free license) build 20190730164152 Og1 
     1                           	processor	16F887
     2                           	opt	pw 120
     3                           	opt	flic
     4                           	psect	cinit,global,class=CODE,merge=1,delta=2
     5                           	psect	cstackCOMMON,global,class=COMMON,space=1,delta=1
     6                           	psect	maintext,global,class=CODE,split=1,delta=2
     7                           	psect	text1,local,class=CODE,merge=1,delta=2
     8                           	psect	text2,local,class=CODE,merge=1,delta=2
     9                           	psect	text3,local,class=CODE,merge=1,delta=2
    10                           	psect	text4,local,class=CODE,merge=1,delta=2
    11                           	psect	text5,local,class=CODE,merge=1,delta=2
    12                           	psect	text6,local,class=CODE,merge=1,delta=2
    13                           	dabs	1,0x7E,2
    14  0000                     
    15                           ; Version 2.10
    16                           ; Generated 31/07/2019 GMT
    17                           ; 
    18                           ; Copyright © 2019, Microchip Technology Inc. and its subsidiaries ("Microchip")
    19                           ; All rights reserved.
    20                           ; 
    21                           ; This software is developed by Microchip Technology Inc. and its subsidiaries ("Microch
      +                          ip").
    22                           ; 
    23                           ; Redistribution and use in source and binary forms, with or without modification, are
    24                           ; permitted provided that the following conditions are met:
    25                           ; 
    26                           ;     1. Redistributions of source code must retain the above copyright notice, this lis
      +                          t of
    27                           ;        conditions and the following disclaimer.
    28                           ; 
    29                           ;     2. Redistributions in binary form must reproduce the above copyright notice, this 
      +                          list
    30                           ;        of conditions and the following disclaimer in the documentation and/or other
    31                           ;        materials provided with the distribution.
    32                           ; 
    33                           ;     3. Microchip's name may not be used to endorse or promote products derived from th
      +                          is
    34                           ;        software without specific prior written permission.
    35                           ; 
    36                           ; THIS SOFTWARE IS PROVIDED BY MICROCHIP "AS IS" AND ANY EXPRESS OR IMPLIED WARRANTIES,
    37                           ; INCLUDING, BUT NOT LIMITED TO, THE IMPLIED WARRANTIES OF MERCHANTABILITY AND FITNESS F
      +                          OR
    38                           ; PURPOSE ARE DISCLAIMED.  IN NO EVENT SHALL MICROCHIP BE LIABLE FOR ANY DIRECT, INDIREC
      +                          T,
    39                           ; INCIDENTAL, SPECIAL, EXEMPLARY, OR CONSEQUENTIAL DAMAGES (INCLUDING BUT NOT LIMITED TO
    40                           ; PROCUREMENT OF SUBSTITUTE GOODS OR SERVICES; LOSS OF USE, DATA OR PROFITS; OR BUSINESS
    41                           ; INTERRUPTION) HOWSOEVER CAUSED AND ON ANY THEORY OF LIABILITY, WHETHER IN CONTRACT, ST
      +                          RICT
    42                           ; LIABILITY, OR TORT (INCLUDING NEGLIGENCE OR OTHERWISE) ARISING IN ANY WAY OUT OF THE U
      +                          SE OF
    43                           ; THIS SOFTWARE, EVEN IF ADVISED OF THE POSSIBILITY OF SUCH DAMAGE.
    44                           ; 
    45                           ; 
    46                           ; Code-generator required, PIC16F887 Definitions
    47                           ; 
    48                           ; SFR Addresses
    49  0000                     	;# 
    50  0001                     	;# 
    51  0002                     	;# 
    52  0003                     	;# 
    53  0004                     	;# 
    54  0005                     	;# 
    55  0006                     	;# 
    56  0007                     	;# 
    57  0008                     	;# 
    58  0009                     	;# 
    59  000A                     	;# 
    60  000B                     	;# 
    61  000C                     	;# 
    62  000D                     	;# 
    63  000E                     	;# 
    64  000E                     	;# 
    65  000F                     	;# 
    66  0010                     	;# 
    67  0011                     	;# 
    68  0012                     	;# 
    69  0013                     	;# 
    70  0014                     	;# 
    71  0015                     	;# 
    72  0015                     	;# 
    73  0016                     	;# 
    74  0017                     	;# 
    75  0018                     	;# 
    76  0019                     	;# 
    77  001A                     	;# 
    78  001B                     	;# 
    79  001B                     	;# 
    80  001C                     	;# 
    81  001D                     	;# 
    82  001E                     	;# 
    83  001F                     	;# 
    84  0081                     	;# 
    85  0085                     	;# 
    86  0086                     	;# 
    87  0087                     	;# 
    88  0088                     	;# 
    89  0089                     	;# 
    90  008C                     	;# 
    91  008D                     	;# 
    92  008E                     	;# 
    93  008F                     	;# 
    94  0090                     	;# 
    95  0091                     	;# 
    96  0092                     	;# 
    97  0093                     	;# 
    98  0093                     	;# 
    99  0093                     	;# 
   100  0094                     	;# 
   101  0095                     	;# 
   102  0096                     	;# 
   103  0097                     	;# 
   104  0098                     	;# 
   105  0099                     	;# 
   106  009A                     	;# 
   107  009B                     	;# 
   108  009C                     	;# 
   109  009D                     	;# 
   110  009E                     	;# 
   111  009F                     	;# 
   112  0105                     	;# 
   113  0107                     	;# 
   114  0108                     	;# 
   115  0109                     	;# 
   116  010C                     	;# 
   117  010C                     	;# 
   118  010D                     	;# 
   119  010E                     	;# 
   120  010F                     	;# 
   121  0185                     	;# 
   122  0187                     	;# 
   123  0188                     	;# 
   124  0189                     	;# 
   125  018C                     	;# 
   126  018D                     	;# 
   127  0000                     	;# 
   128  0001                     	;# 
   129  0002                     	;# 
   130  0003                     	;# 
   131  0004                     	;# 
   132  0005                     	;# 
   133  0006                     	;# 
   134  0007                     	;# 
   135  0008                     	;# 
   136  0009                     	;# 
   137  000A                     	;# 
   138  000B                     	;# 
   139  000C                     	;# 
   140  000D                     	;# 
   141  000E                     	;# 
   142  000E                     	;# 
   143  000F                     	;# 
   144  0010                     	;# 
   145  0011                     	;# 
   146  0012                     	;# 
   147  0013                     	;# 
   148  0014                     	;# 
   149  0015                     	;# 
   150  0015                     	;# 
   151  0016                     	;# 
   152  0017                     	;# 
   153  0018                     	;# 
   154  0019                     	;# 
   155  001A                     	;# 
   156  001B                     	;# 
   157  001B                     	;# 
   158  001C                     	;# 
   159  001D                     	;# 
   160  001E                     	;# 
   161  001F                     	;# 
   162  0081                     	;# 
   163  0085                     	;# 
   164  0086                     	;# 
   165  0087                     	;# 
   166  0088                     	;# 
   167  0089                     	;# 
   168  008C                     	;# 
   169  008D                     	;# 
   170  008E                     	;# 
   171  008F                     	;# 
   172  0090                     	;# 
   173  0091                     	;# 
   174  0092                     	;# 
   175  0093                     	;# 
   176  0093                     	;# 
   177  0093                     	;# 
   178  0094                     	;# 
   179  0095                     	;# 
   180  0096                     	;# 
   181  0097                     	;# 
   182  0098                     	;# 
   183  0099                     	;# 
   184  009A                     	;# 
   185  009B                     	;# 
   186  009C                     	;# 
   187  009D                     	;# 
   188  009E                     	;# 
   189  009F                     	;# 
   190  0105                     	;# 
   191  0107                     	;# 
   192  0108                     	;# 
   193  0109                     	;# 
   194  010C                     	;# 
   195  010C                     	;# 
   196  010D                     	;# 
   197  010E                     	;# 
   198  010F                     	;# 
   199  0185                     	;# 
   200  0187                     	;# 
   201  0188                     	;# 
   202  0189                     	;# 
   203  018C                     	;# 
   204  018D                     	;# 
   205  0000                     	;# 
   206  0001                     	;# 
   207  0002                     	;# 
   208  0003                     	;# 
   209  0004                     	;# 
   210  0005                     	;# 
   211  0006                     	;# 
   212  0007                     	;# 
   213  0008                     	;# 
   214  0009                     	;# 
   215  000A                     	;# 
   216  000B                     	;# 
   217  000C                     	;# 
   218  000D                     	;# 
   219  000E                     	;# 
   220  000E                     	;# 
   221  000F                     	;# 
   222  0010                     	;# 
   223  0011                     	;# 
   224  0012                     	;# 
   225  0013                     	;# 
   226  0014                     	;# 
   227  0015                     	;# 
   228  0015                     	;# 
   229  0016                     	;# 
   230  0017                     	;# 
   231  0018                     	;# 
   232  0019                     	;# 
   233  001A                     	;# 
   234  001B                     	;# 
   235  001B                     	;# 
   236  001C                     	;# 
   237  001D                     	;# 
   238  001E                     	;# 
   239  001F                     	;# 
   240  0081                     	;# 
   241  0085                     	;# 
   242  0086                     	;# 
   243  0087                     	;# 
   244  0088                     	;# 
   245  0089                     	;# 
   246  008C                     	;# 
   247  008D                     	;# 
   248  008E                     	;# 
   249  008F                     	;# 
   250  0090                     	;# 
   251  0091                     	;# 
   252  0092                     	;# 
   253  0093                     	;# 
   254  0093                     	;# 
   255  0093                     	;# 
   256  0094                     	;# 
   257  0095                     	;# 
   258  0096                     	;# 
   259  0097                     	;# 
   260  0098                     	;# 
   261  0099                     	;# 
   262  009A                     	;# 
   263  009B                     	;# 
   264  009C                     	;# 
   265  009D                     	;# 
   266  009E                     	;# 
   267  009F                     	;# 
   268  0105                     	;# 
   269  0107                     	;# 
   270  0108                     	;# 
   271  0109                     	;# 
   272  010C                     	;# 
   273  010C                     	;# 
   274  010D                     	;# 
   275  010E                     	;# 
   276  010F                     	;# 
   277  0185                     	;# 
   278  0187                     	;# 
   279  0188                     	;# 
   280  0189                     	;# 
   281  018C                     	;# 
   282  018D                     	;# 
   283  0000                     	;# 
   284  0001                     	;# 
   285  0002                     	;# 
   286  0003                     	;# 
   287  0004                     	;# 
   288  0005                     	;# 
   289  0006                     	;# 
   290  0007                     	;# 
   291  0008                     	;# 
   292  0009                     	;# 
   293  000A                     	;# 
   294  000B                     	;# 
   295  000C                     	;# 
   296  000D                     	;# 
   297  000E                     	;# 
   298  000E                     	;# 
   299  000F                     	;# 
   300  0010                     	;# 
   301  0011                     	;# 
   302  0012                     	;# 
   303  0013                     	;# 
   304  0014                     	;# 
   305  0015                     	;# 
   306  0015                     	;# 
   307  0016                     	;# 
   308  0017                     	;# 
   309  0018                     	;# 
   310  0019                     	;# 
   311  001A                     	;# 
   312  001B                     	;# 
   313  001B                     	;# 
   314  001C                     	;# 
   315  001D                     	;# 
   316  001E                     	;# 
   317  001F                     	;# 
   318  0081                     	;# 
   319  0085                     	;# 
   320  0086                     	;# 
   321  0087                     	;# 
   322  0088                     	;# 
   323  0089                     	;# 
   324  008C                     	;# 
   325  008D                     	;# 
   326  008E                     	;# 
   327  008F                     	;# 
   328  0090                     	;# 
   329  0091                     	;# 
   330  0092                     	;# 
   331  0093                     	;# 
   332  0093                     	;# 
   333  0093                     	;# 
   334  0094                     	;# 
   335  0095                     	;# 
   336  0096                     	;# 
   337  0097                     	;# 
   338  0098                     	;# 
   339  0099                     	;# 
   340  009A                     	;# 
   341  009B                     	;# 
   342  009C                     	;# 
   343  009D                     	;# 
   344  009E                     	;# 
   345  009F                     	;# 
   346  0105                     	;# 
   347  0107                     	;# 
   348  0108                     	;# 
   349  0109                     	;# 
   350  010C                     	;# 
   351  010C                     	;# 
   352  010D                     	;# 
   353  010E                     	;# 
   354  010F                     	;# 
   355  0185                     	;# 
   356  0187                     	;# 
   357  0188                     	;# 
   358  0189                     	;# 
   359  018C                     	;# 
   360  018D                     	;# 
   361  0000                     	;# 
   362  0001                     	;# 
   363  0002                     	;# 
   364  0003                     	;# 
   365  0004                     	;# 
   366  0005                     	;# 
   367  0006                     	;# 
   368  0007                     	;# 
   369  0008                     	;# 
   370  0009                     	;# 
   371  000A                     	;# 
   372  000B                     	;# 
   373  000C                     	;# 
   374  000D                     	;# 
   375  000E                     	;# 
   376  000E                     	;# 
   377  000F                     	;# 
   378  0010                     	;# 
   379  0011                     	;# 
   380  0012                     	;# 
   381  0013                     	;# 
   382  0014                     	;# 
   383  0015                     	;# 
   384  0015                     	;# 
   385  0016                     	;# 
   386  0017                     	;# 
   387  0018                     	;# 
   388  0019                     	;# 
   389  001A                     	;# 
   390  001B                     	;# 
   391  001B                     	;# 
   392  001C                     	;# 
   393  001D                     	;# 
   394  001E                     	;# 
   395  001F                     	;# 
   396  0081                     	;# 
   397  0085                     	;# 
   398  0086                     	;# 
   399  0087                     	;# 
   400  0088                     	;# 
   401  0089                     	;# 
   402  008C                     	;# 
   403  008D                     	;# 
   404  008E                     	;# 
   405  008F                     	;# 
   406  0090                     	;# 
   407  0091                     	;# 
   408  0092                     	;# 
   409  0093                     	;# 
   410  0093                     	;# 
   411  0093                     	;# 
   412  0094                     	;# 
   413  0095                     	;# 
   414  0096                     	;# 
   415  0097                     	;# 
   416  0098                     	;# 
   417  0099                     	;# 
   418  009A                     	;# 
   419  009B                     	;# 
   420  009C                     	;# 
   421  009D                     	;# 
   422  009E                     	;# 
   423  009F                     	;# 
   424  0105                     	;# 
   425  0107                     	;# 
   426  0108                     	;# 
   427  0109                     	;# 
   428  010C                     	;# 
   429  010C                     	;# 
   430  010D                     	;# 
   431  010E                     	;# 
   432  010F                     	;# 
   433  0185                     	;# 
   434  0187                     	;# 
   435  0188                     	;# 
   436  0189                     	;# 
   437  018C                     	;# 
   438  018D                     	;# 
   439  0000                     	;# 
   440  0001                     	;# 
   441  0002                     	;# 
   442  0003                     	;# 
   443  0004                     	;# 
   444  0005                     	;# 
   445  0006                     	;# 
   446  0007                     	;# 
   447  0008                     	;# 
   448  0009                     	;# 
   449  000A                     	;# 
   450  000B                     	;# 
   451  000C                     	;# 
   452  000D                     	;# 
   453  000E                     	;# 
   454  000E                     	;# 
   455  000F                     	;# 
   456  0010                     	;# 
   457  0011                     	;# 
   458  0012                     	;# 
   459  0013                     	;# 
   460  0014                     	;# 
   461  0015                     	;# 
   462  0015                     	;# 
   463  0016                     	;# 
   464  0017                     	;# 
   465  0018                     	;# 
   466  0019                     	;# 
   467  001A                     	;# 
   468  001B                     	;# 
   469  001B                     	;# 
   470  001C                     	;# 
   471  001D                     	;# 
   472  001E                     	;# 
   473  001F                     	;# 
   474  0081                     	;# 
   475  0085                     	;# 
   476  0086                     	;# 
   477  0087                     	;# 
   478  0088                     	;# 
   479  0089                     	;# 
   480  008C                     	;# 
   481  008D                     	;# 
   482  008E                     	;# 
   483  008F                     	;# 
   484  0090                     	;# 
   485  0091                     	;# 
   486  0092                     	;# 
   487  0093                     	;# 
   488  0093                     	;# 
   489  0093                     	;# 
   490  0094                     	;# 
   491  0095                     	;# 
   492  0096                     	;# 
   493  0097                     	;# 
   494  0098                     	;# 
   495  0099                     	;# 
   496  009A                     	;# 
   497  009B                     	;# 
   498  009C                     	;# 
   499  009D                     	;# 
   500  009E                     	;# 
   501  009F                     	;# 
   502  0105                     	;# 
   503  0107                     	;# 
   504  0108                     	;# 
   505  0109                     	;# 
   506  010C                     	;# 
   507  010C                     	;# 
   508  010D                     	;# 
   509  010E                     	;# 
   510  010F                     	;# 
   511  0185                     	;# 
   512  0187                     	;# 
   513  0188                     	;# 
   514  0189                     	;# 
   515  018C                     	;# 
   516  018D                     	;# 
   517  0013                     _SSPBUF	set	19
   518  0014                     _SSPCON	set	20
   519  000C                     _PIR1bits	set	12
   520  0018                     _RCSTAbits	set	24
   521  000B                     _INTCONbits	set	11
   522  0009                     _PORTE	set	9
   523  001F                     _ADCON0bits	set	31
   524  0094                     _SSPSTATbits	set	148
   525  008F                     _OSCCONbits	set	143
   526  009F                     _ADCON1bits	set	159
   527  0099                     _SPBRG	set	153
   528  0098                     _TXSTAbits	set	152
   529  0087                     _TRISCbits	set	135
   530  008C                     _PIE1bits	set	140
   531  0089                     _TRISEbits	set	137
   532  0187                     _BAUDCTLbits	set	391
   533  0188                     _ANSELbits	set	392
   534                           
   535                           ; #config settings
   536  0000                     
   537                           	psect	cinit
   538  07FC                     start_initialization:	
   539  07FC                     __initialization:	
   540  07FC                     end_of_initialization:	
   541                           ;End of C runtime variable initialization code
   542                           
   543  07FC                     __end_of__initialization:	
   544  07FC  0183               	clrf	3
   545  07FD  120A  118A  2EED   	ljmp	_main	;jump to C main() function
   546                           
   547                           	psect	cstackCOMMON
   548  0070                     __pcstackCOMMON:	
   549  0070                     ?_setup:	
   550  0070                     ??_setup:	
   551                           ; 1 bytes @ 0x0
   552                           
   553  0070                     ?_adcSetup:	
   554                           ; 1 bytes @ 0x0
   555                           
   556  0070                     ??_adcSetup:	
   557                           ; 1 bytes @ 0x0
   558                           
   559  0070                     ?_analogInSel:	
   560                           ; 1 bytes @ 0x0
   561                           
   562  0070                     ??_analogInSel:	
   563                           ; 1 bytes @ 0x0
   564                           
   565  0070                     ?_adcFoscSel:	
   566                           ; 1 bytes @ 0x0
   567                           
   568  0070                     ??_adcFoscSel:	
   569                           ; 1 bytes @ 0x0
   570                           
   571  0070                     ?_spi_msinit:	
   572                           ; 1 bytes @ 0x0
   573                           
   574  0070                     ??_spi_msinit:	
   575                           ; 1 bytes @ 0x0
   576                           
   577  0070                     ?_intEnable:	
   578                           ; 1 bytes @ 0x0
   579                           
   580  0070                     ??_intEnable:	
   581                           ; 1 bytes @ 0x0
   582                           
   583  0070                     ?_main:	
   584                           ; 1 bytes @ 0x0
   585                           
   586                           
   587                           ; 1 bytes @ 0x0
   588  0070                     	ds	2
   589  0072                     analogInSel@analogIn:	
   590  0072                     adcFoscSel@fosc:	
   591                           ; 1 bytes @ 0x2
   592                           
   593  0072                     spi_msinit@mode:	
   594                           ; 1 bytes @ 0x2
   595                           
   596                           
   597                           ; 1 bytes @ 0x2
   598  0072                     	ds	1
   599  0073                     ??_main:	
   600                           
   601                           	psect	maintext
   602  06ED                     __pmaintext:	
   603                           ; 1 bytes @ 0x3
   604 ;;
   605 ;;Main: autosize = 0, tempsize = 0, incstack = 0, save=0
   606 ;;
   607 ;; *************** function _main *****************
   608 ;; Defined at:
   609 ;;		line 42 in file "lab4_v1_slave.c"
   610 ;; Parameters:    Size  Location     Type
   611 ;;		None
   612 ;; Auto vars:     Size  Location     Type
   613 ;;		None
   614 ;; Return value:  Size  Location     Type
   615 ;;                  1    wreg      void 
   616 ;; Registers used:
   617 ;;		wreg, fsr0l, fsr0h, status,2, status,0, pclath, cstack
   618 ;; Tracked objects:
   619 ;;		On entry : B00/0
   620 ;;		On exit  : 0/0
   621 ;;		Unchanged: 0/0
   622 ;; Data sizes:     COMMON   BANK0   BANK1   BANK3   BANK2
   623 ;;      Params:         0       0       0       0       0
   624 ;;      Locals:         0       0       0       0       0
   625 ;;      Temps:          0       0       0       0       0
   626 ;;      Totals:         0       0       0       0       0
   627 ;;Total ram usage:        0 bytes
   628 ;; Hardware stack levels required when called:    1
   629 ;; This function calls:
   630 ;;		_adcFoscSel
   631 ;;		_adcSetup
   632 ;;		_analogInSel
   633 ;;		_intEnable
   634 ;;		_setup
   635 ;;		_spi_msinit
   636 ;; This function is called by:
   637 ;;		Startup code after reset
   638 ;; This function uses a non-reentrant model
   639 ;;
   640                           
   641                           
   642                           ;psect for function _main
   643  06ED                     _main:	
   644  06ED                     l794:	
   645                           ;incstack = 0
   646                           ; Regs used in _main: [wreg-fsr0h+status,2+status,0+pclath+cstack]
   647                           
   648                           
   649                           ;lab4_v1_slave.c: 43:     setup();
   650  06ED  120A  118A  26AF  120A  118A  	fcall	_setup
   651                           
   652                           ;lab4_v1_slave.c: 44:     adcSetup();
   653  06F2  120A  118A  26BB  120A  118A  	fcall	_adcSetup
   654  06F7                     l796:	
   655                           
   656                           ;lab4_v1_slave.c: 45:     analogInSel(5);
   657  06F7  3005               	movlw	5
   658  06F8  120A  118A  2763  120A  118A  	fcall	_analogInSel
   659  06FD                     l798:	
   660                           
   661                           ;lab4_v1_slave.c: 46:     adcFoscSel(1);
   662  06FD  3001               	movlw	1
   663  06FE  120A  118A  26C8  120A  118A  	fcall	_adcFoscSel
   664  0703                     l800:	
   665                           
   666                           ;lab4_v1_slave.c: 47:     spi_msinit(3);
   667  0703  3003               	movlw	3
   668  0704  120A  118A  2719  120A  118A  	fcall	_spi_msinit
   669  0709                     l802:	
   670                           
   671                           ;lab4_v1_slave.c: 48:     intEnable();
   672  0709  120A  118A  26A7  120A  118A  	fcall	_intEnable
   673  070E                     l804:	
   674                           
   675                           ;lab4_v1_slave.c: 50:         if (ADCON0bits.GO_DONE == 0){
   676  070E  1283               	bcf	3,5	;RP0=0, select bank0
   677  070F  1303               	bcf	3,6	;RP1=0, select bank0
   678  0710  189F               	btfsc	31,1	;volatile
   679  0711  2F13               	goto	u11
   680  0712  2F14               	goto	u10
   681  0713                     u11:	
   682  0713  2F0E               	goto	l804
   683  0714                     u10:	
   684  0714                     l806:	
   685                           
   686                           ;lab4_v1_slave.c: 51:             ADCON0bits.GO_DONE = 1;
   687  0714  149F               	bsf	31,1	;volatile
   688  0715  2F0E               	goto	l804
   689  0716  120A  118A  2800   	ljmp	start
   690  0719                     __end_of_main:	
   691                           
   692                           	psect	text1
   693  0719                     __ptext1:	
   694 ;; *************** function _spi_msinit *****************
   695 ;; Defined at:
   696 ;;		line 14 in file "lib_spi.c"
   697 ;; Parameters:    Size  Location     Type
   698 ;;  mode            1    wreg     unsigned char 
   699 ;; Auto vars:     Size  Location     Type
   700 ;;  mode            1    2[COMMON] unsigned char 
   701 ;; Return value:  Size  Location     Type
   702 ;;                  1    wreg      void 
   703 ;; Registers used:
   704 ;;		wreg, fsr0l, fsr0h, status,2, status,0
   705 ;; Tracked objects:
   706 ;;		On entry : 0/0
   707 ;;		On exit  : 0/0
   708 ;;		Unchanged: 0/0
   709 ;; Data sizes:     COMMON   BANK0   BANK1   BANK3   BANK2
   710 ;;      Params:         0       0       0       0       0
   711 ;;      Locals:         1       0       0       0       0
   712 ;;      Temps:          2       0       0       0       0
   713 ;;      Totals:         3       0       0       0       0
   714 ;;Total ram usage:        3 bytes
   715 ;; Hardware stack levels used:    1
   716 ;; This function calls:
   717 ;;		Nothing
   718 ;; This function is called by:
   719 ;;		_main
   720 ;; This function uses a non-reentrant model
   721 ;;
   722                           
   723                           
   724                           ;psect for function _spi_msinit
   725  0719                     _spi_msinit:	
   726                           
   727                           ;incstack = 0
   728                           ; Regs used in _spi_msinit: [wreg-fsr0h+status,2+status,0]
   729                           ;spi_msinit@mode stored from wreg
   730  0719  00F2               	movwf	spi_msinit@mode
   731  071A                     l774:	
   732                           
   733                           ;lib_spi.c: 15:     switch(mode){
   734  071A  2F4C               	goto	l786
   735  071B                     l136:	
   736                           ;lib_spi.c: 16:         case 0:
   737                           
   738                           
   739                           ;lib_spi.c: 17:             TRISCbits.TRISC5 = 0;
   740  071B  1683               	bsf	3,5	;RP0=1, select bank1
   741  071C  1303               	bcf	3,6	;RP1=0, select bank1
   742  071D  1287               	bcf	7,5	;volatile
   743                           
   744                           ;lib_spi.c: 18:             TRISCbits.TRISC3 = 0;
   745  071E  1187               	bcf	7,3	;volatile
   746                           
   747                           ;lib_spi.c: 19:             SSPSTATbits.SMP = 0;
   748  071F  1394               	bcf	20,7	;volatile
   749                           
   750                           ;lib_spi.c: 20:             SSPSTATbits.CKE = 0;
   751  0720  1314               	bcf	20,6	;volatile
   752                           
   753                           ;lib_spi.c: 21:             SSPSTATbits.BF = 0;
   754  0721  1014               	bcf	20,0	;volatile
   755  0722                     l776:	
   756                           
   757                           ;lib_spi.c: 22:             SSPCON = 0b00100000;
   758  0722  3020               	movlw	32
   759  0723  1283               	bcf	3,5	;RP0=0, select bank0
   760  0724  1303               	bcf	3,6	;RP1=0, select bank0
   761  0725  0094               	movwf	20	;volatile
   762                           
   763                           ;lib_spi.c: 25:             break;
   764  0726  2F62               	goto	l141
   765  0727                     l138:	
   766                           ;lib_spi.c: 26:         case 1:
   767                           
   768                           
   769                           ;lib_spi.c: 27:             TRISCbits.TRISC5 = 0;
   770  0727  1683               	bsf	3,5	;RP0=1, select bank1
   771  0728  1303               	bcf	3,6	;RP1=0, select bank1
   772  0729  1287               	bcf	7,5	;volatile
   773                           
   774                           ;lib_spi.c: 28:             TRISCbits.TRISC3 = 0;
   775  072A  1187               	bcf	7,3	;volatile
   776                           
   777                           ;lib_spi.c: 29:             SSPSTATbits.SMP = 0;
   778  072B  1394               	bcf	20,7	;volatile
   779                           
   780                           ;lib_spi.c: 30:             SSPSTATbits.CKE = 0;
   781  072C  1314               	bcf	20,6	;volatile
   782                           
   783                           ;lib_spi.c: 31:             SSPSTATbits.BF = 0;
   784  072D  1014               	bcf	20,0	;volatile
   785  072E                     l778:	
   786                           
   787                           ;lib_spi.c: 32:             SSPCON = 0b00100001;
   788  072E  3021               	movlw	33
   789  072F  1283               	bcf	3,5	;RP0=0, select bank0
   790  0730  1303               	bcf	3,6	;RP1=0, select bank0
   791  0731  0094               	movwf	20	;volatile
   792                           
   793                           ;lib_spi.c: 35:             break;
   794  0732  2F62               	goto	l141
   795  0733                     l139:	
   796                           ;lib_spi.c: 36:         case 2:
   797                           
   798                           
   799                           ;lib_spi.c: 37:             TRISCbits.TRISC5 = 0;
   800  0733  1683               	bsf	3,5	;RP0=1, select bank1
   801  0734  1303               	bcf	3,6	;RP1=0, select bank1
   802  0735  1287               	bcf	7,5	;volatile
   803                           
   804                           ;lib_spi.c: 38:             TRISCbits.TRISC3 = 0;
   805  0736  1187               	bcf	7,3	;volatile
   806                           
   807                           ;lib_spi.c: 39:             SSPSTATbits.SMP = 0;
   808  0737  1394               	bcf	20,7	;volatile
   809                           
   810                           ;lib_spi.c: 40:             SSPSTATbits.CKE = 0;
   811  0738  1314               	bcf	20,6	;volatile
   812                           
   813                           ;lib_spi.c: 41:             SSPSTATbits.BF = 0;
   814  0739  1014               	bcf	20,0	;volatile
   815  073A                     l780:	
   816                           
   817                           ;lib_spi.c: 42:             SSPCON = 0b00100010;
   818  073A  3022               	movlw	34
   819  073B  1283               	bcf	3,5	;RP0=0, select bank0
   820  073C  1303               	bcf	3,6	;RP1=0, select bank0
   821  073D  0094               	movwf	20	;volatile
   822                           
   823                           ;lib_spi.c: 45:             break;
   824  073E  2F62               	goto	l141
   825  073F                     l140:	
   826                           ;lib_spi.c: 46:         case 3:
   827                           
   828                           
   829                           ;lib_spi.c: 47:             TRISCbits.TRISC5 = 0;
   830  073F  1683               	bsf	3,5	;RP0=1, select bank1
   831  0740  1303               	bcf	3,6	;RP1=0, select bank1
   832  0741  1287               	bcf	7,5	;volatile
   833                           
   834                           ;lib_spi.c: 48:             TRISCbits.TRISC3 = 1;
   835  0742  1587               	bsf	7,3	;volatile
   836                           
   837                           ;lib_spi.c: 49:             TRISCbits.TRISC4 = 1;
   838  0743  1607               	bsf	7,4	;volatile
   839                           
   840                           ;lib_spi.c: 50:             SSPSTATbits.SMP = 0;
   841  0744  1394               	bcf	20,7	;volatile
   842                           
   843                           ;lib_spi.c: 51:             SSPSTATbits.CKE = 0;
   844  0745  1314               	bcf	20,6	;volatile
   845                           
   846                           ;lib_spi.c: 52:             SSPSTATbits.BF = 0;
   847  0746  1014               	bcf	20,0	;volatile
   848  0747                     l782:	
   849                           
   850                           ;lib_spi.c: 53:             SSPCON = 0b00100100;
   851  0747  3024               	movlw	36
   852  0748  1283               	bcf	3,5	;RP0=0, select bank0
   853  0749  1303               	bcf	3,6	;RP1=0, select bank0
   854  074A  0094               	movwf	20	;volatile
   855                           
   856                           ;lib_spi.c: 54:             break;
   857  074B  2F62               	goto	l141
   858  074C                     l786:	
   859  074C  0872               	movf	spi_msinit@mode,w
   860  074D  00F0               	movwf	??_spi_msinit
   861  074E  01F1               	clrf	??_spi_msinit+1
   862                           
   863                           ; Switch on 2 bytes has been partitioned into a top level switch of size 1, and 1 sub-sw
      +                          itches
   864                           ; Switch size 1, requested type "simple"
   865                           ; Number of cases is 1, Range of values is 0 to 0
   866                           ; switch strategies available:
   867                           ; Name         Instructions Cycles
   868                           ; simple_byte            4     3 (average)
   869                           ; direct_byte           11     8 (fixed)
   870                           ; jumptable            260     6 (fixed)
   871                           ;	Chosen strategy is simple_byte
   872  074F  0871               	movf	??_spi_msinit+1,w
   873  0750  3A00               	xorlw	0	; case 0
   874  0751  1903               	skipnz
   875  0752  2F54               	goto	l908
   876  0753  2F62               	goto	l141
   877  0754                     l908:	
   878                           
   879                           ; Switch size 1, requested type "simple"
   880                           ; Number of cases is 4, Range of values is 0 to 3
   881                           ; switch strategies available:
   882                           ; Name         Instructions Cycles
   883                           ; simple_byte           13     7 (average)
   884                           ; direct_byte           20     8 (fixed)
   885                           ; jumptable            260     6 (fixed)
   886                           ;	Chosen strategy is simple_byte
   887  0754  0870               	movf	??_spi_msinit,w
   888  0755  3A00               	xorlw	0	; case 0
   889  0756  1903               	skipnz
   890  0757  2F1B               	goto	l136
   891  0758  3A01               	xorlw	1	; case 1
   892  0759  1903               	skipnz
   893  075A  2F27               	goto	l138
   894  075B  3A03               	xorlw	3	; case 2
   895  075C  1903               	skipnz
   896  075D  2F33               	goto	l139
   897  075E  3A01               	xorlw	1	; case 3
   898  075F  1903               	skipnz
   899  0760  2F3F               	goto	l140
   900  0761  2F62               	goto	l141
   901  0762                     l141:	
   902  0762  0008               	return
   903  0763                     __end_of_spi_msinit:	
   904                           
   905                           	psect	text2
   906  06AF                     __ptext2:	
   907 ;; *************** function _setup *****************
   908 ;; Defined at:
   909 ;;		line 57 in file "lab4_v1_slave.c"
   910 ;; Parameters:    Size  Location     Type
   911 ;;		None
   912 ;; Auto vars:     Size  Location     Type
   913 ;;		None
   914 ;; Return value:  Size  Location     Type
   915 ;;                  1    wreg      void 
   916 ;; Registers used:
   917 ;;		status,2
   918 ;; Tracked objects:
   919 ;;		On entry : 0/0
   920 ;;		On exit  : 0/0
   921 ;;		Unchanged: 0/0
   922 ;; Data sizes:     COMMON   BANK0   BANK1   BANK3   BANK2
   923 ;;      Params:         0       0       0       0       0
   924 ;;      Locals:         0       0       0       0       0
   925 ;;      Temps:          0       0       0       0       0
   926 ;;      Totals:         0       0       0       0       0
   927 ;;Total ram usage:        0 bytes
   928 ;; Hardware stack levels used:    1
   929 ;; This function calls:
   930 ;;		Nothing
   931 ;; This function is called by:
   932 ;;		_main
   933 ;; This function uses a non-reentrant model
   934 ;;
   935                           
   936                           
   937                           ;psect for function _setup
   938  06AF                     _setup:	
   939  06AF                     l748:	
   940                           ;incstack = 0
   941                           ; Regs used in _setup: [status,2]
   942                           
   943                           
   944                           ;lab4_v1_slave.c: 58:     TRISEbits.TRISE0 = 1;
   945  06AF  1683               	bsf	3,5	;RP0=1, select bank1
   946  06B0  1303               	bcf	3,6	;RP1=0, select bank1
   947  06B1  1409               	bsf	9,0	;volatile
   948                           
   949                           ;lab4_v1_slave.c: 59:     TRISEbits.TRISE1 = 1;
   950  06B2  1489               	bsf	9,1	;volatile
   951                           
   952                           ;lab4_v1_slave.c: 60:     ANSELbits.ANS5 = 1;
   953  06B3  1683               	bsf	3,5	;RP0=1, select bank3
   954  06B4  1703               	bsf	3,6	;RP1=1, select bank3
   955  06B5  1688               	bsf	8,5	;volatile
   956                           
   957                           ;lab4_v1_slave.c: 61:     ANSELbits.ANS6 = 1;
   958  06B6  1708               	bsf	8,6	;volatile
   959  06B7                     l750:	
   960                           
   961                           ;lab4_v1_slave.c: 62:     PORTE = 0;
   962  06B7  1283               	bcf	3,5	;RP0=0, select bank0
   963  06B8  1303               	bcf	3,6	;RP1=0, select bank0
   964  06B9  0189               	clrf	9	;volatile
   965  06BA                     l36:	
   966  06BA  0008               	return
   967  06BB                     __end_of_setup:	
   968                           
   969                           	psect	text3
   970  06A7                     __ptext3:	
   971 ;; *************** function _intEnable *****************
   972 ;; Defined at:
   973 ;;		line 65 in file "lab4_v1_slave.c"
   974 ;; Parameters:    Size  Location     Type
   975 ;;		None
   976 ;; Auto vars:     Size  Location     Type
   977 ;;		None
   978 ;; Return value:  Size  Location     Type
   979 ;;                  1    wreg      void 
   980 ;; Registers used:
   981 ;;		None
   982 ;; Tracked objects:
   983 ;;		On entry : 0/0
   984 ;;		On exit  : 0/0
   985 ;;		Unchanged: 0/0
   986 ;; Data sizes:     COMMON   BANK0   BANK1   BANK3   BANK2
   987 ;;      Params:         0       0       0       0       0
   988 ;;      Locals:         0       0       0       0       0
   989 ;;      Temps:          0       0       0       0       0
   990 ;;      Totals:         0       0       0       0       0
   991 ;;Total ram usage:        0 bytes
   992 ;; Hardware stack levels used:    1
   993 ;; This function calls:
   994 ;;		Nothing
   995 ;; This function is called by:
   996 ;;		_main
   997 ;; This function uses a non-reentrant model
   998 ;;
   999                           
  1000                           
  1001                           ;psect for function _intEnable
  1002  06A7                     _intEnable:	
  1003  06A7                     l792:	
  1004                           ;incstack = 0
  1005                           ; Regs used in _intEnable: []
  1006                           
  1007                           
  1008                           ;lab4_v1_slave.c: 66:     INTCONbits.GIE = 1;
  1009  06A7  178B               	bsf	11,7	;volatile
  1010                           
  1011                           ;lab4_v1_slave.c: 67:     INTCONbits.PEIE = 1;
  1012  06A8  170B               	bsf	11,6	;volatile
  1013                           
  1014                           ;lab4_v1_slave.c: 68:     PIE1bits.ADIE = 1;
  1015  06A9  1683               	bsf	3,5	;RP0=1, select bank1
  1016  06AA  1303               	bcf	3,6	;RP1=0, select bank1
  1017  06AB  170C               	bsf	12,6	;volatile
  1018                           
  1019                           ;lab4_v1_slave.c: 69:     PIE1bits.TXIE = 0;
  1020  06AC  120C               	bcf	12,4	;volatile
  1021                           
  1022                           ;lab4_v1_slave.c: 70:     PIE1bits.RCIE = 1;
  1023  06AD  168C               	bsf	12,5	;volatile
  1024  06AE                     l39:	
  1025  06AE  0008               	return
  1026  06AF                     __end_of_intEnable:	
  1027                           
  1028                           	psect	text4
  1029  0763                     __ptext4:	
  1030 ;; *************** function _analogInSel *****************
  1031 ;; Defined at:
  1032 ;;		line 21 in file "lib_adc.c"
  1033 ;; Parameters:    Size  Location     Type
  1034 ;;  analogIn        1    wreg     unsigned char 
  1035 ;; Auto vars:     Size  Location     Type
  1036 ;;  analogIn        1    2[COMMON] unsigned char 
  1037 ;; Return value:  Size  Location     Type
  1038 ;;                  1    wreg      unsigned char 
  1039 ;; Registers used:
  1040 ;;		wreg, fsr0l, fsr0h, status,2, status,0
  1041 ;; Tracked objects:
  1042 ;;		On entry : 0/0
  1043 ;;		On exit  : 0/0
  1044 ;;		Unchanged: 0/0
  1045 ;; Data sizes:     COMMON   BANK0   BANK1   BANK3   BANK2
  1046 ;;      Params:         0       0       0       0       0
  1047 ;;      Locals:         1       0       0       0       0
  1048 ;;      Temps:          2       0       0       0       0
  1049 ;;      Totals:         3       0       0       0       0
  1050 ;;Total ram usage:        3 bytes
  1051 ;; Hardware stack levels used:    1
  1052 ;; This function calls:
  1053 ;;		Nothing
  1054 ;; This function is called by:
  1055 ;;		_main
  1056 ;; This function uses a non-reentrant model
  1057 ;;
  1058                           
  1059                           
  1060                           ;psect for function _analogInSel
  1061  0763                     _analogInSel:	
  1062                           
  1063                           ;incstack = 0
  1064                           ; Regs used in _analogInSel: [wreg-fsr0h+status,2+status,0]
  1065                           ;analogInSel@analogIn stored from wreg
  1066  0763  00F2               	movwf	analogInSel@analogIn
  1067  0764                     l754:	
  1068                           
  1069                           ;lib_adc.c: 22:     switch(analogIn){
  1070  0764  2FC7               	goto	l758
  1071  0765                     l86:	
  1072                           ;lib_adc.c: 23:         case 0:
  1073                           
  1074                           
  1075                           ;lib_adc.c: 24:             ADCON0bits.CHS3 = 0;
  1076  0765  1283               	bcf	3,5	;RP0=0, select bank0
  1077  0766  1303               	bcf	3,6	;RP1=0, select bank0
  1078  0767  129F               	bcf	31,5	;volatile
  1079                           
  1080                           ;lib_adc.c: 25:             ADCON0bits.CHS2 = 0;
  1081  0768  121F               	bcf	31,4	;volatile
  1082                           
  1083                           ;lib_adc.c: 26:             ADCON0bits.CHS1 = 0;
  1084  0769  119F               	bcf	31,3	;volatile
  1085                           
  1086                           ;lib_adc.c: 27:             ADCON0bits.CHS0 = 0;
  1087  076A  111F               	bcf	31,2	;volatile
  1088                           
  1089                           ;lib_adc.c: 28:             break;
  1090  076B  2FFB               	goto	l101
  1091  076C                     l88:	
  1092                           ;lib_adc.c: 29:         case 1:
  1093                           
  1094                           
  1095                           ;lib_adc.c: 30:             ADCON0bits.CHS3 = 0;
  1096  076C  1283               	bcf	3,5	;RP0=0, select bank0
  1097  076D  1303               	bcf	3,6	;RP1=0, select bank0
  1098  076E  129F               	bcf	31,5	;volatile
  1099                           
  1100                           ;lib_adc.c: 31:             ADCON0bits.CHS2 = 0;
  1101  076F  121F               	bcf	31,4	;volatile
  1102                           
  1103                           ;lib_adc.c: 32:             ADCON0bits.CHS1 = 0;
  1104  0770  119F               	bcf	31,3	;volatile
  1105                           
  1106                           ;lib_adc.c: 33:             ADCON0bits.CHS0 = 1;
  1107  0771  151F               	bsf	31,2	;volatile
  1108                           
  1109                           ;lib_adc.c: 34:             break;
  1110  0772  2FFB               	goto	l101
  1111  0773                     l89:	
  1112                           ;lib_adc.c: 35:         case 2:
  1113                           
  1114                           
  1115                           ;lib_adc.c: 36:             ADCON0bits.CHS3 = 0;
  1116  0773  1283               	bcf	3,5	;RP0=0, select bank0
  1117  0774  1303               	bcf	3,6	;RP1=0, select bank0
  1118  0775  129F               	bcf	31,5	;volatile
  1119                           
  1120                           ;lib_adc.c: 37:             ADCON0bits.CHS2 = 0;
  1121  0776  121F               	bcf	31,4	;volatile
  1122                           
  1123                           ;lib_adc.c: 38:             ADCON0bits.CHS1 = 1;
  1124  0777  159F               	bsf	31,3	;volatile
  1125                           
  1126                           ;lib_adc.c: 39:             ADCON0bits.CHS0 = 0;
  1127  0778  111F               	bcf	31,2	;volatile
  1128                           
  1129                           ;lib_adc.c: 40:             break;
  1130  0779  2FFB               	goto	l101
  1131  077A                     l90:	
  1132                           ;lib_adc.c: 41:         case 3:
  1133                           
  1134                           
  1135                           ;lib_adc.c: 42:             ADCON0bits.CHS3 = 0;
  1136  077A  1283               	bcf	3,5	;RP0=0, select bank0
  1137  077B  1303               	bcf	3,6	;RP1=0, select bank0
  1138  077C  129F               	bcf	31,5	;volatile
  1139                           
  1140                           ;lib_adc.c: 43:             ADCON0bits.CHS2 = 0;
  1141  077D  121F               	bcf	31,4	;volatile
  1142                           
  1143                           ;lib_adc.c: 44:             ADCON0bits.CHS1 = 1;
  1144  077E  159F               	bsf	31,3	;volatile
  1145                           
  1146                           ;lib_adc.c: 45:             ADCON0bits.CHS0 = 1;
  1147  077F  151F               	bsf	31,2	;volatile
  1148                           
  1149                           ;lib_adc.c: 46:             break;
  1150  0780  2FFB               	goto	l101
  1151  0781                     l91:	
  1152                           ;lib_adc.c: 47:         case 4:
  1153                           
  1154                           
  1155                           ;lib_adc.c: 48:             ADCON0bits.CHS3 = 0;
  1156  0781  1283               	bcf	3,5	;RP0=0, select bank0
  1157  0782  1303               	bcf	3,6	;RP1=0, select bank0
  1158  0783  129F               	bcf	31,5	;volatile
  1159                           
  1160                           ;lib_adc.c: 49:             ADCON0bits.CHS2 = 1;
  1161  0784  161F               	bsf	31,4	;volatile
  1162                           
  1163                           ;lib_adc.c: 50:             ADCON0bits.CHS1 = 0;
  1164  0785  119F               	bcf	31,3	;volatile
  1165                           
  1166                           ;lib_adc.c: 51:             ADCON0bits.CHS0 = 0;
  1167  0786  111F               	bcf	31,2	;volatile
  1168                           
  1169                           ;lib_adc.c: 52:             break;
  1170  0787  2FFB               	goto	l101
  1171  0788                     l92:	
  1172                           ;lib_adc.c: 53:         case 5:
  1173                           
  1174                           
  1175                           ;lib_adc.c: 54:             ADCON0bits.CHS3 = 0;
  1176  0788  1283               	bcf	3,5	;RP0=0, select bank0
  1177  0789  1303               	bcf	3,6	;RP1=0, select bank0
  1178  078A  129F               	bcf	31,5	;volatile
  1179                           
  1180                           ;lib_adc.c: 55:             ADCON0bits.CHS2 = 1;
  1181  078B  161F               	bsf	31,4	;volatile
  1182                           
  1183                           ;lib_adc.c: 56:             ADCON0bits.CHS1 = 0;
  1184  078C  119F               	bcf	31,3	;volatile
  1185                           
  1186                           ;lib_adc.c: 57:             ADCON0bits.CHS0 = 1;
  1187  078D  151F               	bsf	31,2	;volatile
  1188                           
  1189                           ;lib_adc.c: 58:             break;
  1190  078E  2FFB               	goto	l101
  1191  078F                     l93:	
  1192                           ;lib_adc.c: 59:         case 6:
  1193                           
  1194                           
  1195                           ;lib_adc.c: 60:             ADCON0bits.CHS3 = 0;
  1196  078F  1283               	bcf	3,5	;RP0=0, select bank0
  1197  0790  1303               	bcf	3,6	;RP1=0, select bank0
  1198  0791  129F               	bcf	31,5	;volatile
  1199                           
  1200                           ;lib_adc.c: 61:             ADCON0bits.CHS2 = 1;
  1201  0792  161F               	bsf	31,4	;volatile
  1202                           
  1203                           ;lib_adc.c: 62:             ADCON0bits.CHS1 = 1;
  1204  0793  159F               	bsf	31,3	;volatile
  1205                           
  1206                           ;lib_adc.c: 63:             ADCON0bits.CHS0 = 0;
  1207  0794  111F               	bcf	31,2	;volatile
  1208                           
  1209                           ;lib_adc.c: 64:             break;
  1210  0795  2FFB               	goto	l101
  1211  0796                     l94:	
  1212                           ;lib_adc.c: 65:         case 7:
  1213                           
  1214                           
  1215                           ;lib_adc.c: 66:             ADCON0bits.CHS3 = 0;
  1216  0796  1283               	bcf	3,5	;RP0=0, select bank0
  1217  0797  1303               	bcf	3,6	;RP1=0, select bank0
  1218  0798  129F               	bcf	31,5	;volatile
  1219                           
  1220                           ;lib_adc.c: 67:             ADCON0bits.CHS2 = 1;
  1221  0799  161F               	bsf	31,4	;volatile
  1222                           
  1223                           ;lib_adc.c: 68:             ADCON0bits.CHS1 = 1;
  1224  079A  159F               	bsf	31,3	;volatile
  1225                           
  1226                           ;lib_adc.c: 69:             ADCON0bits.CHS0 = 1;
  1227  079B  151F               	bsf	31,2	;volatile
  1228                           
  1229                           ;lib_adc.c: 70:             break;
  1230  079C  2FFB               	goto	l101
  1231  079D                     l95:	
  1232                           ;lib_adc.c: 71:         case 8:
  1233                           
  1234                           
  1235                           ;lib_adc.c: 72:             ADCON0bits.CHS3 = 1;
  1236  079D  1283               	bcf	3,5	;RP0=0, select bank0
  1237  079E  1303               	bcf	3,6	;RP1=0, select bank0
  1238  079F  169F               	bsf	31,5	;volatile
  1239                           
  1240                           ;lib_adc.c: 73:             ADCON0bits.CHS2 = 0;
  1241  07A0  121F               	bcf	31,4	;volatile
  1242                           
  1243                           ;lib_adc.c: 74:             ADCON0bits.CHS1 = 0;
  1244  07A1  119F               	bcf	31,3	;volatile
  1245                           
  1246                           ;lib_adc.c: 75:             ADCON0bits.CHS0 = 0;
  1247  07A2  111F               	bcf	31,2	;volatile
  1248                           
  1249                           ;lib_adc.c: 76:             break;
  1250  07A3  2FFB               	goto	l101
  1251  07A4                     l96:	
  1252                           ;lib_adc.c: 77:         case 9:
  1253                           
  1254                           
  1255                           ;lib_adc.c: 78:             ADCON0bits.CHS3 = 1;
  1256  07A4  1283               	bcf	3,5	;RP0=0, select bank0
  1257  07A5  1303               	bcf	3,6	;RP1=0, select bank0
  1258  07A6  169F               	bsf	31,5	;volatile
  1259                           
  1260                           ;lib_adc.c: 79:             ADCON0bits.CHS2 = 0;
  1261  07A7  121F               	bcf	31,4	;volatile
  1262                           
  1263                           ;lib_adc.c: 80:             ADCON0bits.CHS1 = 0;
  1264  07A8  119F               	bcf	31,3	;volatile
  1265                           
  1266                           ;lib_adc.c: 81:             ADCON0bits.CHS0 = 1;
  1267  07A9  151F               	bsf	31,2	;volatile
  1268                           
  1269                           ;lib_adc.c: 82:             break;
  1270  07AA  2FFB               	goto	l101
  1271  07AB                     l97:	
  1272                           ;lib_adc.c: 83:         case 10:
  1273                           
  1274                           
  1275                           ;lib_adc.c: 84:             ADCON0bits.CHS3 = 1;
  1276  07AB  1283               	bcf	3,5	;RP0=0, select bank0
  1277  07AC  1303               	bcf	3,6	;RP1=0, select bank0
  1278  07AD  169F               	bsf	31,5	;volatile
  1279                           
  1280                           ;lib_adc.c: 85:             ADCON0bits.CHS2 = 0;
  1281  07AE  121F               	bcf	31,4	;volatile
  1282                           
  1283                           ;lib_adc.c: 86:             ADCON0bits.CHS1 = 1;
  1284  07AF  159F               	bsf	31,3	;volatile
  1285                           
  1286                           ;lib_adc.c: 87:             ADCON0bits.CHS0 = 0;
  1287  07B0  111F               	bcf	31,2	;volatile
  1288                           
  1289                           ;lib_adc.c: 88:             break;
  1290  07B1  2FFB               	goto	l101
  1291  07B2                     l98:	
  1292                           ;lib_adc.c: 89:         case 11:
  1293                           
  1294                           
  1295                           ;lib_adc.c: 90:             ADCON0bits.CHS3 = 1;
  1296  07B2  1283               	bcf	3,5	;RP0=0, select bank0
  1297  07B3  1303               	bcf	3,6	;RP1=0, select bank0
  1298  07B4  169F               	bsf	31,5	;volatile
  1299                           
  1300                           ;lib_adc.c: 91:             ADCON0bits.CHS2 = 0;
  1301  07B5  121F               	bcf	31,4	;volatile
  1302                           
  1303                           ;lib_adc.c: 92:             ADCON0bits.CHS1 = 1;
  1304  07B6  159F               	bsf	31,3	;volatile
  1305                           
  1306                           ;lib_adc.c: 93:             ADCON0bits.CHS0 = 1;
  1307  07B7  151F               	bsf	31,2	;volatile
  1308                           
  1309                           ;lib_adc.c: 94:             break;
  1310  07B8  2FFB               	goto	l101
  1311  07B9                     l99:	
  1312                           ;lib_adc.c: 95:         case 12:
  1313                           
  1314                           
  1315                           ;lib_adc.c: 96:             ADCON0bits.CHS3 = 1;
  1316  07B9  1283               	bcf	3,5	;RP0=0, select bank0
  1317  07BA  1303               	bcf	3,6	;RP1=0, select bank0
  1318  07BB  169F               	bsf	31,5	;volatile
  1319                           
  1320                           ;lib_adc.c: 97:             ADCON0bits.CHS2 = 1;
  1321  07BC  161F               	bsf	31,4	;volatile
  1322                           
  1323                           ;lib_adc.c: 98:             ADCON0bits.CHS1 = 0;
  1324  07BD  119F               	bcf	31,3	;volatile
  1325                           
  1326                           ;lib_adc.c: 99:             ADCON0bits.CHS0 = 0;
  1327  07BE  111F               	bcf	31,2	;volatile
  1328                           
  1329                           ;lib_adc.c: 100:             break;
  1330  07BF  2FFB               	goto	l101
  1331  07C0                     l100:	
  1332                           ;lib_adc.c: 101:         case 13:
  1333                           
  1334                           
  1335                           ;lib_adc.c: 102:             ADCON0bits.CHS3 = 1;
  1336  07C0  1283               	bcf	3,5	;RP0=0, select bank0
  1337  07C1  1303               	bcf	3,6	;RP1=0, select bank0
  1338  07C2  169F               	bsf	31,5	;volatile
  1339                           
  1340                           ;lib_adc.c: 103:             ADCON0bits.CHS2 = 1;
  1341  07C3  161F               	bsf	31,4	;volatile
  1342                           
  1343                           ;lib_adc.c: 104:             ADCON0bits.CHS1 = 0;
  1344  07C4  119F               	bcf	31,3	;volatile
  1345                           
  1346                           ;lib_adc.c: 105:             ADCON0bits.CHS0 = 1;
  1347  07C5  151F               	bsf	31,2	;volatile
  1348                           
  1349                           ;lib_adc.c: 106:             break;
  1350  07C6  2FFB               	goto	l101
  1351  07C7                     l758:	
  1352  07C7  0872               	movf	analogInSel@analogIn,w
  1353  07C8  00F0               	movwf	??_analogInSel
  1354  07C9  01F1               	clrf	??_analogInSel+1
  1355                           
  1356                           ; Switch on 2 bytes has been partitioned into a top level switch of size 1, and 1 sub-sw
      +                          itches
  1357                           ; Switch size 1, requested type "simple"
  1358                           ; Number of cases is 1, Range of values is 0 to 0
  1359                           ; switch strategies available:
  1360                           ; Name         Instructions Cycles
  1361                           ; simple_byte            4     3 (average)
  1362                           ; direct_byte           11     8 (fixed)
  1363                           ; jumptable            260     6 (fixed)
  1364                           ;	Chosen strategy is simple_byte
  1365  07CA  0871               	movf	??_analogInSel+1,w
  1366  07CB  3A00               	xorlw	0	; case 0
  1367  07CC  1903               	skipnz
  1368  07CD  2FCF               	goto	l910
  1369  07CE  2FFB               	goto	l101
  1370  07CF                     l910:	
  1371                           
  1372                           ; Switch size 1, requested type "simple"
  1373                           ; Number of cases is 14, Range of values is 0 to 13
  1374                           ; switch strategies available:
  1375                           ; Name         Instructions Cycles
  1376                           ; simple_byte           43    22 (average)
  1377                           ; direct_byte           50     8 (fixed)
  1378                           ; jumptable            260     6 (fixed)
  1379                           ;	Chosen strategy is simple_byte
  1380  07CF  0870               	movf	??_analogInSel,w
  1381  07D0  3A00               	xorlw	0	; case 0
  1382  07D1  1903               	skipnz
  1383  07D2  2F65               	goto	l86
  1384  07D3  3A01               	xorlw	1	; case 1
  1385  07D4  1903               	skipnz
  1386  07D5  2F6C               	goto	l88
  1387  07D6  3A03               	xorlw	3	; case 2
  1388  07D7  1903               	skipnz
  1389  07D8  2F73               	goto	l89
  1390  07D9  3A01               	xorlw	1	; case 3
  1391  07DA  1903               	skipnz
  1392  07DB  2F7A               	goto	l90
  1393  07DC  3A07               	xorlw	7	; case 4
  1394  07DD  1903               	skipnz
  1395  07DE  2F81               	goto	l91
  1396  07DF  3A01               	xorlw	1	; case 5
  1397  07E0  1903               	skipnz
  1398  07E1  2F88               	goto	l92
  1399  07E2  3A03               	xorlw	3	; case 6
  1400  07E3  1903               	skipnz
  1401  07E4  2F8F               	goto	l93
  1402  07E5  3A01               	xorlw	1	; case 7
  1403  07E6  1903               	skipnz
  1404  07E7  2F96               	goto	l94
  1405  07E8  3A0F               	xorlw	15	; case 8
  1406  07E9  1903               	skipnz
  1407  07EA  2F9D               	goto	l95
  1408  07EB  3A01               	xorlw	1	; case 9
  1409  07EC  1903               	skipnz
  1410  07ED  2FA4               	goto	l96
  1411  07EE  3A03               	xorlw	3	; case 10
  1412  07EF  1903               	skipnz
  1413  07F0  2FAB               	goto	l97
  1414  07F1  3A01               	xorlw	1	; case 11
  1415  07F2  1903               	skipnz
  1416  07F3  2FB2               	goto	l98
  1417  07F4  3A07               	xorlw	7	; case 12
  1418  07F5  1903               	skipnz
  1419  07F6  2FB9               	goto	l99
  1420  07F7  3A01               	xorlw	1	; case 13
  1421  07F8  1903               	skipnz
  1422  07F9  2FC0               	goto	l100
  1423  07FA  2FFB               	goto	l101
  1424  07FB                     l101:	
  1425  07FB  0008               	return
  1426  07FC                     __end_of_analogInSel:	
  1427                           
  1428                           	psect	text5
  1429  06BB                     __ptext5:	
  1430 ;; *************** function _adcSetup *****************
  1431 ;; Defined at:
  1432 ;;		line 12 in file "lib_adc.c"
  1433 ;; Parameters:    Size  Location     Type
  1434 ;;		None
  1435 ;; Auto vars:     Size  Location     Type
  1436 ;;		None
  1437 ;; Return value:  Size  Location     Type
  1438 ;;                  1    wreg      void 
  1439 ;; Registers used:
  1440 ;;		None
  1441 ;; Tracked objects:
  1442 ;;		On entry : 0/0
  1443 ;;		On exit  : 0/0
  1444 ;;		Unchanged: 0/0
  1445 ;; Data sizes:     COMMON   BANK0   BANK1   BANK3   BANK2
  1446 ;;      Params:         0       0       0       0       0
  1447 ;;      Locals:         0       0       0       0       0
  1448 ;;      Temps:          0       0       0       0       0
  1449 ;;      Totals:         0       0       0       0       0
  1450 ;;Total ram usage:        0 bytes
  1451 ;; Hardware stack levels used:    1
  1452 ;; This function calls:
  1453 ;;		Nothing
  1454 ;; This function is called by:
  1455 ;;		_main
  1456 ;; This function uses a non-reentrant model
  1457 ;;
  1458                           
  1459                           
  1460                           ;psect for function _adcSetup
  1461  06BB                     _adcSetup:	
  1462  06BB                     l752:	
  1463                           ;incstack = 0
  1464                           ; Regs used in _adcSetup: []
  1465                           
  1466                           
  1467                           ;lib_adc.c: 13:     ADCON0bits.ADON = 1;
  1468  06BB  1283               	bcf	3,5	;RP0=0, select bank0
  1469  06BC  1303               	bcf	3,6	;RP1=0, select bank0
  1470  06BD  141F               	bsf	31,0	;volatile
  1471                           
  1472                           ;lib_adc.c: 14:     ADCON1bits.ADFM = 0;
  1473  06BE  1683               	bsf	3,5	;RP0=1, select bank1
  1474  06BF  1303               	bcf	3,6	;RP1=0, select bank1
  1475  06C0  139F               	bcf	31,7	;volatile
  1476                           
  1477                           ;lib_adc.c: 15:     ADCON1bits.VCFG1 = 0;
  1478  06C1  129F               	bcf	31,5	;volatile
  1479                           
  1480                           ;lib_adc.c: 16:     ADCON1bits.VCFG0 = 0;
  1481  06C2  121F               	bcf	31,4	;volatile
  1482                           
  1483                           ;lib_adc.c: 17:     PIE1bits.ADIE = 1;
  1484  06C3  170C               	bsf	12,6	;volatile
  1485                           
  1486                           ;lib_adc.c: 18:     PIR1bits.ADIF = 0;
  1487  06C4  1283               	bcf	3,5	;RP0=0, select bank0
  1488  06C5  1303               	bcf	3,6	;RP1=0, select bank0
  1489  06C6  130C               	bcf	12,6	;volatile
  1490  06C7                     l82:	
  1491  06C7  0008               	return
  1492  06C8                     __end_of_adcSetup:	
  1493                           
  1494                           	psect	text6
  1495  06C8                     __ptext6:	
  1496 ;; *************** function _adcFoscSel *****************
  1497 ;; Defined at:
  1498 ;;		line 111 in file "lib_adc.c"
  1499 ;; Parameters:    Size  Location     Type
  1500 ;;  fosc            1    wreg     unsigned char 
  1501 ;; Auto vars:     Size  Location     Type
  1502 ;;  fosc            1    2[COMMON] unsigned char 
  1503 ;; Return value:  Size  Location     Type
  1504 ;;                  1    wreg      unsigned char 
  1505 ;; Registers used:
  1506 ;;		wreg, fsr0l, fsr0h, status,2, status,0
  1507 ;; Tracked objects:
  1508 ;;		On entry : 0/0
  1509 ;;		On exit  : 0/0
  1510 ;;		Unchanged: 0/0
  1511 ;; Data sizes:     COMMON   BANK0   BANK1   BANK3   BANK2
  1512 ;;      Params:         0       0       0       0       0
  1513 ;;      Locals:         1       0       0       0       0
  1514 ;;      Temps:          2       0       0       0       0
  1515 ;;      Totals:         3       0       0       0       0
  1516 ;;Total ram usage:        3 bytes
  1517 ;; Hardware stack levels used:    1
  1518 ;; This function calls:
  1519 ;;		Nothing
  1520 ;; This function is called by:
  1521 ;;		_main
  1522 ;; This function uses a non-reentrant model
  1523 ;;
  1524                           
  1525                           
  1526                           ;psect for function _adcFoscSel
  1527  06C8                     _adcFoscSel:	
  1528                           
  1529                           ;incstack = 0
  1530                           ; Regs used in _adcFoscSel: [wreg-fsr0h+status,2+status,0]
  1531                           ;adcFoscSel@fosc stored from wreg
  1532  06C8  00F2               	movwf	adcFoscSel@fosc
  1533  06C9                     l764:	
  1534                           
  1535                           ;lib_adc.c: 112:     switch(fosc){
  1536  06C9  2ED9               	goto	l768
  1537  06CA                     l105:	
  1538                           ;lib_adc.c: 113:         case 0:
  1539                           
  1540                           
  1541                           ;lib_adc.c: 114:             ADCON0bits.ADCS1 = 0;
  1542  06CA  1283               	bcf	3,5	;RP0=0, select bank0
  1543  06CB  1303               	bcf	3,6	;RP1=0, select bank0
  1544  06CC  139F               	bcf	31,7	;volatile
  1545                           
  1546                           ;lib_adc.c: 115:             ADCON0bits.ADCS0 = 0;
  1547  06CD  131F               	bcf	31,6	;volatile
  1548                           
  1549                           ;lib_adc.c: 116:             break;
  1550  06CE  2EEC               	goto	l109
  1551  06CF                     l107:	
  1552                           ;lib_adc.c: 117:         case 1:
  1553                           
  1554                           
  1555                           ;lib_adc.c: 118:             ADCON0bits.ADCS1 = 0;
  1556  06CF  1283               	bcf	3,5	;RP0=0, select bank0
  1557  06D0  1303               	bcf	3,6	;RP1=0, select bank0
  1558  06D1  139F               	bcf	31,7	;volatile
  1559                           
  1560                           ;lib_adc.c: 119:             ADCON0bits.ADCS0 = 1;
  1561  06D2  171F               	bsf	31,6	;volatile
  1562                           
  1563                           ;lib_adc.c: 120:             break;
  1564  06D3  2EEC               	goto	l109
  1565  06D4                     l108:	
  1566                           ;lib_adc.c: 121:         case 3:
  1567                           
  1568                           
  1569                           ;lib_adc.c: 122:             ADCON0bits.ADCS1 = 1;
  1570  06D4  1283               	bcf	3,5	;RP0=0, select bank0
  1571  06D5  1303               	bcf	3,6	;RP1=0, select bank0
  1572  06D6  179F               	bsf	31,7	;volatile
  1573                           
  1574                           ;lib_adc.c: 123:             ADCON0bits.ADCS0 = 0;
  1575  06D7  131F               	bcf	31,6	;volatile
  1576                           
  1577                           ;lib_adc.c: 124:             break;
  1578  06D8  2EEC               	goto	l109
  1579  06D9                     l768:	
  1580  06D9  0872               	movf	adcFoscSel@fosc,w
  1581  06DA  00F0               	movwf	??_adcFoscSel
  1582  06DB  01F1               	clrf	??_adcFoscSel+1
  1583                           
  1584                           ; Switch on 2 bytes has been partitioned into a top level switch of size 1, and 1 sub-sw
      +                          itches
  1585                           ; Switch size 1, requested type "simple"
  1586                           ; Number of cases is 1, Range of values is 0 to 0
  1587                           ; switch strategies available:
  1588                           ; Name         Instructions Cycles
  1589                           ; simple_byte            4     3 (average)
  1590                           ; direct_byte           11     8 (fixed)
  1591                           ; jumptable            260     6 (fixed)
  1592                           ;	Chosen strategy is simple_byte
  1593  06DC  0871               	movf	??_adcFoscSel+1,w
  1594  06DD  3A00               	xorlw	0	; case 0
  1595  06DE  1903               	skipnz
  1596  06DF  2EE1               	goto	l912
  1597  06E0  2EEC               	goto	l109
  1598  06E1                     l912:	
  1599                           
  1600                           ; Switch size 1, requested type "simple"
  1601                           ; Number of cases is 3, Range of values is 0 to 3
  1602                           ; switch strategies available:
  1603                           ; Name         Instructions Cycles
  1604                           ; simple_byte           10     6 (average)
  1605                           ; direct_byte           20     8 (fixed)
  1606                           ; jumptable            260     6 (fixed)
  1607                           ;	Chosen strategy is simple_byte
  1608  06E1  0870               	movf	??_adcFoscSel,w
  1609  06E2  3A00               	xorlw	0	; case 0
  1610  06E3  1903               	skipnz
  1611  06E4  2ECA               	goto	l105
  1612  06E5  3A01               	xorlw	1	; case 1
  1613  06E6  1903               	skipnz
  1614  06E7  2ECF               	goto	l107
  1615  06E8  3A02               	xorlw	2	; case 3
  1616  06E9  1903               	skipnz
  1617  06EA  2ED4               	goto	l108
  1618  06EB  2EEC               	goto	l109
  1619  06EC                     l109:	
  1620  06EC  0008               	return
  1621  06ED                     __end_of_adcFoscSel:	
  1622  007E                     btemp	set	126	;btemp
  1623  007E                     wtemp0	set	126


Data Sizes:
    Strings     0
    Constant    0
    Data        0
    BSS         0
    Persistent  0
    Stack       0

Auto Spaces:
    Space          Size  Autos    Used
    COMMON           14      3       3
    BANK0            80      0       0
    BANK1            80      0       0
    BANK3            96      0       0
    BANK2            96      0       0

Pointer List with Targets:

    None.

Critical Paths under _main in COMMON

    _main->_adcFoscSel
    _main->_analogInSel
    _main->_spi_msinit

Critical Paths under _main in BANK0

    None.

Critical Paths under _main in BANK1

    None.

Critical Paths under _main in BANK3

    None.

Critical Paths under _main in BANK2

    None.

Call Graph Tables:

 ---------------------------------------------------------------------------------
 (Depth) Function   	        Calls       Base Space   Used Autos Params    Refs
 ---------------------------------------------------------------------------------
 (0) _main                                                 0     0      0      55
                         _adcFoscSel
                           _adcSetup
                        _analogInSel
                          _intEnable
                              _setup
                         _spi_msinit
 ---------------------------------------------------------------------------------
 (1) _spi_msinit                                           3     3      0      15
                                              0 COMMON     3     3      0
 ---------------------------------------------------------------------------------
 (1) _setup                                                0     0      0       0
 ---------------------------------------------------------------------------------
 (1) _intEnable                                            0     0      0       0
 ---------------------------------------------------------------------------------
 (1) _analogInSel                                          3     3      0      20
                                              0 COMMON     3     3      0
 ---------------------------------------------------------------------------------
 (1) _adcSetup                                             0     0      0       0
 ---------------------------------------------------------------------------------
 (1) _adcFoscSel                                           3     3      0      20
                                              0 COMMON     3     3      0
 ---------------------------------------------------------------------------------
 Estimated maximum stack depth 1
 ---------------------------------------------------------------------------------

 Call Graph Graphs:

 _main (ROOT)
   _adcFoscSel
   _adcSetup
   _analogInSel
   _intEnable
   _setup
   _spi_msinit

 Address spaces:
Name               Size   Autos  Total    Cost      Usage
BITCOMMON            E      0       0       0        0.0%
EEDATA             100      0       0       0        0.0%
NULL                 0      0       0       0        0.0%
CODE                 0      0       0       0        0.0%
COMMON               E      3       3       1       21.4%
BITSFR0              0      0       0       1        0.0%
SFR0                 0      0       0       1        0.0%
BITSFR1              0      0       0       2        0.0%
SFR1                 0      0       0       2        0.0%
STACK                0      0       0       2        0.0%
ABS                  0      0       0       3        0.0%
BITBANK0            50      0       0       4        0.0%
BITSFR3              0      0       0       4        0.0%
SFR3                 0      0       0       4        0.0%
BANK0               50      0       0       5        0.0%
BITSFR2              0      0       0       5        0.0%
SFR2                 0      0       0       5        0.0%
BITBANK1            50      0       0       6        0.0%
BANK1               50      0       0       7        0.0%
BITBANK3            60      0       0       8        0.0%
BANK3               60      0       0       9        0.0%
BITBANK2            60      0       0      10        0.0%
BANK2               60      0       0      11        0.0%
DATA                 0      0       0      12        0.0%


Microchip Technology PIC Macro Assembler V2.10 build 88905656 
Symbol Table                                                                                   Fri Feb 21 13:22:44 2020

             __CFG_CP$OFF 0000               _SSPSTATbits 0094                        l36 06BA  
                      l39 06AE                        l82 06C7                        l90 077A  
                      l91 0781                        l92 0788                        l93 078F  
                      l94 0796                        l86 0765                        l95 079D  
                      l96 07A4                        l88 076C                        l97 07AB  
                      l89 0773                        l98 07B2                        l99 07B9  
                      u10 0714                        u11 0713                       l100 07C0  
                     l101 07FB                       l105 06CA                       l107 06CF  
                     l108 06D4                       l140 073F                       l109 06EC  
                     l141 0762                       l136 071B                       l138 0727  
                     l139 0733                       l800 0703                       l802 0709  
                     l804 070E                       l910 07CF                       l750 06B7  
                     l806 0714                       l912 06E1                       l752 06BB  
                     l754 0764                       l764 06C9                       l748 06AF  
                     l908 0754                       l780 073A                       l758 07C7  
                     l782 0747                       l774 071A                       l768 06D9  
                     l792 06A7                       l776 0722                       l778 072E  
                     l786 074C                       l794 06ED                       l796 06F7  
                     l798 06FD              __CFG_CPD$OFF 0000       analogInSel@analogIn 0072  
            __CFG_LVP$OFF 0000              __CFG_WRT$OFF 0000                      _main 06ED  
                    btemp 007E                      start 0000             __CFG_IESO$OFF 0000  
                   ?_main 0070             __CFG_WDTE$OFF 0000                     _SPBRG 0099  
                   _PORTE 0009            __CFG_FCMEN$OFF 0000                     _setup 06AF  
          __CFG_BOREN$OFF 0000                     status 0003                     wtemp0 007E  
    __size_of_analogInSel 0099            __CFG_MCLRE$OFF 0000           __initialization 07FC  
            __end_of_main 0719                    ??_main 0073                    ?_setup 0070  
        __end_of_adcSetup 06C8                    _SSPCON 0014                    _SSPBUF 0013  
          __CFG_PWRTE$OFF 0000                _adcFoscSel 06C8   __end_of__initialization 07FC  
          __pcstackCOMMON 0070             __end_of_setup 06BB                   ??_setup 0070  
      __size_of_intEnable 0008                __pmaintext 06ED                 ?_adcSetup 0070  
          spi_msinit@mode 0072               ?_adcFoscSel 0070                ??_adcSetup 0070  
               _ANSELbits 0188         __end_of_intEnable 06AF                   __ptext1 0719  
                 __ptext2 06AF                   __ptext3 06A7                   __ptext4 0763  
                 __ptext5 06BB                   __ptext6 06C8             ??_analogInSel 0070  
    end_of_initialization 07FC                 _RCSTAbits 0018       __size_of_adcFoscSel 0025  
              _spi_msinit 0719                 _TRISCbits 0087                 _TRISEbits 0089  
               _TXSTAbits 0098       __end_of_analogInSel 07FC            adcFoscSel@fosc 0072  
             _BAUDCTLbits 0187       start_initialization 07FC  __CFG_FOSC$INTRC_NOCLKOUT 0000  
       __size_of_adcSetup 000D               ?_spi_msinit 0070                 ___latbits 0002  
             _analogInSel 0763              ??_adcFoscSel 0070        __end_of_adcFoscSel 06ED  
               _intEnable 06A7            __size_of_setup 000C                  _PIE1bits 008C  
     __size_of_spi_msinit 004A                  _PIR1bits 000C                _ADCON0bits 001F  
              _ADCON1bits 009F                ?_intEnable 0070                  _adcSetup 06BB  
       __CFG_BOR4V$BOR40V 0000             __size_of_main 002C              ??_spi_msinit 0070  
              _INTCONbits 000B               ??_intEnable 0070              ?_analogInSel 0070  
              _OSCCONbits 008F        __end_of_spi_msinit 0763  
